#
# A fatal error has been detected by the Java Runtime Environment:
#
#  Internal Error (javaClasses.cpp:129), pid=8384, tid=5860
#  fatal error: Invalid layout of preloaded class
#
# JRE version: 7.0_25-b17
# Java VM: Java HotSpot(TM) Client VM (23.25-b01 mixed mode windows-x86 )
# Failed to write core dump. Minidumps are not enabled by default on client versions of Windows
#
# If you would like to submit a bug report, please visit:
#   http://bugreport.sun.com/bugreport/crash.jsp
#

---------------  T H R E A D  ---------------

Current thread (0x001cb000):  JavaThread "Unknown thread" [_thread_in_vm, id=5860, stack(0x00550000,0x005a0000)]

Stack: [0x00550000,0x005a0000],  sp=0x0059f8d0,  free space=318k
Native frames: (J=compiled Java code, j=interpreted, Vv=VM code, C=native code)
V  [jvm.dll+0x167e31]
V  [jvm.dll+0x1620f6]
V  [jvm.dll+0x1f92f]
V  [jvm.dll+0x1f9b6]
V  [jvm.dll+0x2cffd]
V  [jvm.dll+0x2d2a9]
V  [jvm.dll+0x75351]
V  [jvm.dll+0x7570b]
V  [jvm.dll+0x123881]
V  [jvm.dll+0x1439cc]
V  [jvm.dll+0xa619f]
C  [javaw.exe+0x13ca]
C  [javaw.exe+0x1e3c]
C  [javaw.exe+0xa5b1]
C  [javaw.exe+0xa63b]
C  [kernel32.dll+0x1338a]  BaseThreadInitThunk+0x12
C  [ntdll.dll+0x39f72]  RtlInitializeExceptionChain+0x63
C  [ntdll.dll+0x39f45]  RtlInitializeExceptionChain+0x36


---------------  P R O C E S S  ---------------

Java Threads: ( => current thread )

Other Threads:

=>0x001cb000 (exited) JavaThread "Unknown thread" [_thread_in_vm, id=5860, stack(0x00550000,0x005a0000)]

VM state:not at safepoint (not fully initialized)

VM Mutex/Monitor currently owned by a thread: None

GC Heap History (0 events):
No events

Deoptimization events (0 events):
No events

Internal exceptions (0 events):
No events

Events (10 events):
Event: 0.008 loading class 0x002e2af0 done
Event: 0.008 loading class 0x002c3520 done
Event: 0.008 loading class 0x002c34f8
Event: 0.008 loading class 0x00333108
Event: 0.009 loading class 0x00333108 done
Event: 0.009 loading class 0x00333140
Event: 0.009 loading class 0x00333140 done
Event: 0.009 loading class 0x003344c0
Event: 0.009 loading class 0x003344c0 done
Event: 0.009 loading class 0x002c34f8 done


Dynamic libraries:
0x013d0000 - 0x013ff000 	C:\Program Files (x86)\Java\jdk1.7.0_25\bin\javaw.exe
0x771d0000 - 0x77350000 	C:\Windows\SysWOW64\ntdll.dll
0x75390000 - 0x754a0000 	C:\Windows\syswow64\kernel32.dll
0x75190000 - 0x751d7000 	C:\Windows\syswow64\KERNELBASE.dll
0x754d0000 - 0x75570000 	C:\Windows\syswow64\ADVAPI32.dll
0x752e0000 - 0x7538c000 	C:\Windows\syswow64\msvcrt.dll
0x754b0000 - 0x754c9000 	C:\Windows\SysWOW64\sechost.dll
0x756e0000 - 0x757d0000 	C:\Windows\syswow64\RPCRT4.dll
0x74be0000 - 0x74c40000 	C:\Windows\syswow64\SspiCli.dll
0x74bd0000 - 0x74bdc000 	C:\Windows\syswow64\CRYPTBASE.dll
0x74c40000 - 0x74d40000 	C:\Windows\syswow64\USER32.dll
0x768a0000 - 0x76930000 	C:\Windows\syswow64\GDI32.dll
0x76510000 - 0x7651a000 	C:\Windows\syswow64\LPK.dll
0x74d40000 - 0x74ddd000 	C:\Windows\syswow64\USP10.dll
0x73d70000 - 0x73f0e000 	C:\Windows\WinSxS\x86_microsoft.windows.common-controls_6595b64144ccf1df_6.0.7601.17514_none_41e6975e2bd6f2b2\COMCTL32.dll
0x76d70000 - 0x76dc7000 	C:\Windows\syswow64\SHLWAPI.dll
0x764b0000 - 0x76510000 	C:\Windows\system32\IMM32.DLL
0x76ca0000 - 0x76d6c000 	C:\Windows\syswow64\MSCTF.dll
0x720c0000 - 0x720ec000 	C:\Windows\SysWOW64\nvinit.dll
0x5cf10000 - 0x5cfce000 	C:\Program Files (x86)\Java\jdk1.7.0_25\jre\bin\msvcr100.dll
0x5a3a0000 - 0x5a6e2000 	C:\Program Files (x86)\Java\jdk1.7.0_25\jre\bin\client\jvm.dll
0x5fca0000 - 0x5fca7000 	C:\Windows\system32\WSOCK32.dll
0x751f0000 - 0x75225000 	C:\Windows\syswow64\WS2_32.dll
0x754a0000 - 0x754a6000 	C:\Windows\syswow64\NSI.dll
0x724f0000 - 0x72522000 	C:\Windows\system32\WINMM.dll
0x751e0000 - 0x751e5000 	C:\Windows\syswow64\PSAPI.DLL
0x72f30000 - 0x72f3c000 	C:\Program Files (x86)\Java\jdk1.7.0_25\jre\bin\verify.dll
0x70dd0000 - 0x70df0000 	C:\Program Files (x86)\Java\jdk1.7.0_25\jre\bin\java.dll
0x5d060000 - 0x5d08a000 	C:\Program Files (x86)\Java\jdk1.7.0_25\jre\bin\jdwp.dll
0x5d050000 - 0x5d057000 	C:\Program Files (x86)\Java\jdk1.7.0_25\jre\bin\npt.dll
0x70d60000 - 0x70d73000 	C:\Program Files (x86)\Java\jdk1.7.0_25\jre\bin\zip.dll
0x70bd0000 - 0x70cbb000 	C:\Windows\system32\dbghelp.dll

VM Arguments:
jvm_args: -agentlib:jdwp=transport=dt_socket,suspend=y,address=localhost:50808 -Dfile.encoding=UTF-8 -Xbootclasspath:E:\androidEclipse\sdk\platforms\android-19\android.jar 
java_command: com.leif.baidu.api.direction.DirectionTest
Launcher Type: SUN_STANDARD

Environment Variables:
JAVA_HOME=C:\Program Files\Java\jdk1.7.0_65
CLASSPATH=.;
PATH=C:\Program Files (x86)\Java\jdk1.7.0_25\jre\bin;C:/Program Files (x86)/Java/jdk1.7.0_25/jre/bin/server;C:/Program Files (x86)/Java/jdk1.7.0_25/jre/bin;C:/Program Files (x86)/Java/jdk1.7.0_25/jre/lib/i386;E:\tools\maven\bin;C:\Program Files\Java\jdk1.7.0_65\bin;C:\Windows\system32;C:\Windows;C:\Windows\System32\Wbem;C:\Windows\System32\WindowsPowerShell\v1.0\;D:\Program Files\TortoiseSVN\bin;.;;E:\androidEclipse\eclipse;;.;
USERNAME=pulifan
OS=Windows_NT
PROCESSOR_IDENTIFIER=Intel64 Family 6 Model 69 Stepping 1, GenuineIntel



---------------  S Y S T E M  ---------------

OS: Windows 7 , 64 bit Build 7601 Service Pack 1

CPU:total 4 (2 cores per cpu, 2 threads per core) family 6 model 69 stepping 1, cmov, cx8, fxsr, mmx, sse, sse2, sse3, ssse3, sse4.1, sse4.2, popcnt, avx, avx2, ht, tsc, tscinvbit

Memory: 4k page, physical 8291712k(4660596k free), swap 16581560k(12291908k free)

vm_info: Java HotSpot(TM) Client VM (23.25-b01) for windows-x86 JRE (1.7.0_25-b17), built on Jun 21 2013 13:06:48 by "java_re" with unknown MS VC++:1600

time: Mon Nov 17 10:28:57 2014
elapsed time: 0 seconds

